[debug] [2021-12-03T10:08:11.889Z] ----------------------------------------------------------------------
[debug] [2021-12-03T10:08:11.891Z] Command:       /usr/local/bin/firebase /home/user/.cache/firebase/tools/lib/node_modules/firebase-tools/lib/bin/firebase init
[debug] [2021-12-03T10:08:11.891Z] CLI Version:   9.22.0
[debug] [2021-12-03T10:08:11.891Z] Platform:      linux
[debug] [2021-12-03T10:08:11.891Z] Node Version:  v12.18.1
[debug] [2021-12-03T10:08:11.891Z] Time:          Fri Dec 03 2021 15:38:11 GMT+0530 (India Standard Time)
[debug] [2021-12-03T10:08:11.891Z] ----------------------------------------------------------------------
[debug] 
[debug] [2021-12-03T10:08:11.922Z] > command requires scopes: ["email","openid","https://www.googleapis.com/auth/cloudplatformprojects.readonly","https://www.googleapis.com/auth/firebase","https://www.googleapis.com/auth/cloud-platform"]
[debug] [2021-12-03T10:08:11.922Z] > authorizing via signed-in user (venkatesh.k@globalsinc.com)
[info] 
     ######## #### ########  ######## ########     ###     ######  ########
     ##        ##  ##     ## ##       ##     ##  ##   ##  ##       ##
     ######    ##  ########  ######   ########  #########  ######  ######
     ##        ##  ##    ##  ##       ##     ## ##     ##       ## ##
     ##       #### ##     ## ######## ########  ##     ##  ######  ########

You're about to initialize a Firebase project in this directory:

  /home/user/Projects/downloadIOS/downloadios

Before we get started, keep in mind:

  * You are initializing within an existing Firebase project directory

